<?xml version="1.0" encoding="UTF-8"?>
<!-- Generated by org.testng.reporters.JUnitReportReporter -->
<testsuite skipped="0" hostname="DBS-NOTE-228" name="testesApi.testesApiMateraCom" tests="1" failures="0" timestamp="2020-05-18T12:22:36 BRT" time="3.696" errors="0">
  <testcase name="GET_github_api" time="3.696" classname="testesApi.testesApiMateraCom"/>
  <system-out/>
</testsuite> <!-- testesApi.testesApiMateraCom -->
